\BOOKMARK [0][-]{chapter.0}{\376\377\000P\000r\000e\000f\000a\000c\000e}{}% 1
\BOOKMARK [1][-]{section.0.1}{\376\377\000T\000e\000m\000p\000l\000a\000t\000e}{chapter.0}% 2
\BOOKMARK [1][-]{section.0.2}{\376\377\000O\000p\000e\000r\000a\000t\000o\000r\000\040\000P\000r\000e\000c\000e\000d\000e\000n\000c\000e}{chapter.0}% 3
\BOOKMARK [1][-]{section.0.3}{\376\377\000T\000i\000m\000e\000\040\000C\000o\000m\000p\000l\000e\000x\000i\000t\000y}{chapter.0}% 4
\BOOKMARK [1][-]{section.0.4}{\376\377\000I\000f\000\040\000<\000b\000i\000t\000s\000/\000s\000t\000d\000c\000+\000+\000.\000h\000>\000\040\000F\000a\000i\000l\000e\000d}{chapter.0}% 5
\BOOKMARK [0][-]{chapter.1}{\376\377\000B\000a\000s\000i\000c\000\040\000A\000l\000g\000o\000r\000i\000t\000h\000m}{}% 6
\BOOKMARK [1][-]{section.1.1}{\376\377\000Q\000u\000i\000c\000k\000\040\000S\000o\000r\000t}{chapter.1}% 7
\BOOKMARK [1][-]{section.1.2}{\376\377\000B\000i\000n\000a\000r\000y\000\040\000S\000e\000a\000r\000c\000h}{chapter.1}% 8
\BOOKMARK [1][-]{section.1.3}{\376\377\000T\000e\000r\000n\000a\000r\000y\000\040\000S\000e\000a\000r\000c\000h}{chapter.1}% 9
\BOOKMARK [1][-]{section.1.4}{\376\377\000H\000i\000g\000h\000\040\000P\000r\000e\000c\000i\000s\000i\000o\000n}{chapter.1}% 10
\BOOKMARK [2][-]{subsection.1.4.1}{\376\377\000H\000i\000g\000h\000\040\000P\000r\000e\000c\000i\000s\000i\000o\000n\000\040\000A\000d\000d}{section.1.4}% 11
\BOOKMARK [2][-]{subsection.1.4.2}{\376\377\000H\000i\000g\000h\000\040\000P\000r\000e\000c\000i\000s\000i\000o\000n\000\040\000S\000u\000b\000s\000e\000c\000t\000i\000o\000n}{section.1.4}% 12
\BOOKMARK [2][-]{subsection.1.4.3}{\376\377\000H\000i\000g\000h\000\040\000P\000r\000e\000c\000i\000s\000i\000o\000n\000\040\000M\000u\000l\000t\000i\000p\000l\000y}{section.1.4}% 13
\BOOKMARK [2][-]{subsection.1.4.4}{\376\377\000H\000i\000g\000h\000\040\000P\000r\000e\000c\000i\000s\000i\000o\000n\000\040\000D\000i\000v\000i\000d\000e}{section.1.4}% 14
\BOOKMARK [1][-]{section.1.5}{\376\377\000P\000r\000e\000f\000i\000x\000\040\000S\000u\000m\000\040\000\046\000\040\000D\000i\000f\000f\000e\000r\000e\000n\000c\000e\000\040\000A\000r\000r\000a\000y}{chapter.1}% 15
\BOOKMARK [2][-]{subsection.1.5.1}{\376\377\0001\000D\000\040\000P\000r\000e\000f\000i\000x\000\040\000S\000u\000m}{section.1.5}% 16
\BOOKMARK [2][-]{subsection.1.5.2}{\376\377\0002\000D\000\040\000P\000r\000e\000f\000i\000x\000\040\000S\000u\000m}{section.1.5}% 17
\BOOKMARK [2][-]{subsection.1.5.3}{\376\377\0001\000D\000\040\000D\000i\000f\000f\000e\000r\000e\000n\000c\000e\000\040\000A\000r\000r\000a\000y}{section.1.5}% 18
\BOOKMARK [2][-]{subsection.1.5.4}{\376\377\0002\000D\000\040\000D\000i\000f\000f\000e\000r\000e\000n\000c\000e\000\040\000A\000r\000r\000a\000y}{section.1.5}% 19
\BOOKMARK [0][-]{chapter.2}{\376\377\000B\000a\000s\000i\000c\000\040\000D\000a\000t\000a\000\040\000S\000t\000r\000u\000c\000t\000u\000r\000e\000s}{}% 20
\BOOKMARK [1][-]{section.2.1}{\376\377\000L\000i\000n\000k\000e\000d\000\040\000L\000i\000s\000t}{chapter.2}% 21
\BOOKMARK [2][-]{subsection.2.1.1}{\376\377\000S\000i\000n\000g\000l\000y\000\040\000L\000i\000n\000k\000e\000d\000\040\000L\000i\000s\000t}{section.2.1}% 22
\BOOKMARK [2][-]{subsection.2.1.2}{\376\377\000B\000i\000d\000i\000r\000e\000c\000t\000i\000o\000n\000a\000l\000\040\000L\000i\000n\000k\000e\000d\000\040\000L\000i\000s\000t}{section.2.1}% 23
\BOOKMARK [1][-]{section.2.2}{\376\377\000S\000t\000a\000c\000k\000\040\000\046\000\040\000Q\000u\000e\000u\000e}{chapter.2}% 24
\BOOKMARK [2][-]{subsection.2.2.1}{\376\377\000M\000o\000n\000o\000t\000o\000n\000i\000c\000\040\000S\000t\000a\000c\000k}{section.2.2}% 25
\BOOKMARK [2][-]{subsection.2.2.2}{\376\377\000M\000o\000n\000o\000t\000o\000n\000i\000c\000\040\000Q\000u\000e\000u\000e}{section.2.2}% 26
\BOOKMARK [1][-]{section.2.3}{\376\377\000K\000M\000P}{chapter.2}% 27
\BOOKMARK [1][-]{section.2.4}{\376\377\000T\000r\000i\000e}{chapter.2}% 28
\BOOKMARK [1][-]{section.2.5}{\376\377\000D\000i\000s\000j\000o\000i\000n\000t\000-\000S\000e\000t}{chapter.2}% 29
\BOOKMARK [1][-]{section.2.6}{\376\377\000H\000a\000s\000h}{chapter.2}% 30
\BOOKMARK [2][-]{subsection.2.6.1}{\376\377\000S\000i\000m\000p\000l\000e\000\040\000H\000a\000s\000h}{section.2.6}% 31
\BOOKMARK [2][-]{subsection.2.6.2}{\376\377\000S\000t\000r\000i\000n\000g\000\040\000H\000a\000s\000h}{section.2.6}% 32
\BOOKMARK [1][-]{section.2.7}{\376\377\000S\000T\000L}{chapter.2}% 33
\BOOKMARK [0][-]{chapter.3}{\376\377\000S\000e\000a\000r\000c\000h\000\040\000\046\000\040\000G\000r\000a\000p\000h\000\040\000T\000h\000e\000o\000r\000y}{}% 34
\BOOKMARK [1][-]{section.3.1}{\376\377\000R\000e\000p\000r\000e\000s\000e\000n\000t\000a\000t\000i\000o\000n\000\040\000o\000f\000\040\000T\000r\000e\000e\000\040\000\046\000\040\000G\000r\000a\000p\000h}{chapter.3}% 35
\BOOKMARK [2][-]{subsection.3.1.1}{\376\377\000A\000d\000j\000a\000c\000e\000n\000c\000y\000\040\000M\000a\000t\000r\000i\000x}{section.3.1}% 36
\BOOKMARK [2][-]{subsection.3.1.2}{\376\377\000A\000d\000j\000a\000c\000e\000n\000c\000y\000\040\000L\000i\000s\000t}{section.3.1}% 37
\BOOKMARK [1][-]{section.3.2}{\376\377\000D\000F\000S\000\040\000\046\000\040\000B\000F\000S}{chapter.3}% 38
\BOOKMARK [2][-]{subsection.3.2.1}{\376\377\000D\000F\000S}{section.3.2}% 39
\BOOKMARK [2][-]{subsection.3.2.2}{\376\377\000B\000F\000S}{section.3.2}% 40
\BOOKMARK [1][-]{section.3.3}{\376\377\000T\000o\000p\000o\000l\000o\000g\000i\000c\000a\000l\000\040\000S\000o\000r\000t}{chapter.3}% 41
\BOOKMARK [1][-]{section.3.4}{\376\377\000S\000h\000o\000r\000t\000e\000s\000t\000\040\000P\000a\000t\000h}{chapter.3}% 42
\BOOKMARK [2][-]{subsection.3.4.1}{\376\377\000D\000i\000j\000k\000s\000t\000r\000a}{section.3.4}% 43
\BOOKMARK [2][-]{subsection.3.4.2}{\376\377\000B\000e\000l\000l\000m\000a\000n\000-\000F\000o\000r\000d}{section.3.4}% 44
\BOOKMARK [2][-]{subsection.3.4.3}{\376\377\000S\000P\000F\000A}{section.3.4}% 45
\BOOKMARK [2][-]{subsection.3.4.4}{\376\377\000D\000e\000t\000e\000c\000t\000i\000n\000g\000\040\000N\000e\000g\000a\000t\000i\000v\000e\000\040\000C\000i\000r\000c\000l\000e\000\040\000i\000n\000\040\000S\000P\000F\000A}{section.3.4}% 46
\BOOKMARK [2][-]{subsection.3.4.5}{\376\377\000F\000l\000o\000y\000d}{section.3.4}% 47
\BOOKMARK [1][-]{section.3.5}{\376\377\000M\000i\000n\000i\000m\000u\000m\000\040\000S\000p\000a\000n\000n\000i\000n\000g\000\040\000T\000r\000e\000e}{chapter.3}% 48
\BOOKMARK [2][-]{subsection.3.5.1}{\376\377\000P\000r\000i\000m}{section.3.5}% 49
\BOOKMARK [2][-]{subsection.3.5.2}{\376\377\000K\000r\000u\000s\000k\000a\000l}{section.3.5}% 50
\BOOKMARK [1][-]{section.3.6}{\376\377\000B\000i\000p\000a\000r\000t\000i\000t\000e\000\040\000G\000r\000a\000p\000h}{chapter.3}% 51
\BOOKMARK [2][-]{subsection.3.6.1}{\376\377\000C\000o\000l\000o\000r\000i\000n\000g\000\040\000M\000e\000t\000h\000o\000d}{section.3.6}% 52
\BOOKMARK [2][-]{subsection.3.6.2}{\376\377\000H\000u\000n\000g\000a\000r\000i\000a\000n\000\040\000A\000l\000g\000o\000r\000i\000t\000h\000m}{section.3.6}% 53
\BOOKMARK [0][-]{chapter.4}{\376\377\000B\000a\000s\000i\000c\000\040\000M\000a\000t\000h}{}% 54
\BOOKMARK [1][-]{section.4.1}{\376\377\000P\000r\000i\000m\000e\000\040\000N\000u\000m\000b\000e\000r\000s}{chapter.4}% 55
\BOOKMARK [2][-]{subsection.4.1.1}{\376\377\000J\000u\000d\000g\000i\000n\000g\000\040\000P\000r\000i\000m\000e\000\040\000N\000u\000m\000b\000e\000r\000s}{section.4.1}% 56
\BOOKMARK [2][-]{subsection.4.1.2}{\376\377\000P\000r\000i\000m\000e\000\040\000F\000a\000c\000t\000o\000r\000i\000z\000a\000t\000i\000o\000n}{section.4.1}% 57
\BOOKMARK [2][-]{subsection.4.1.3}{\376\377\000E\000u\000l\000e\000r\000'\000s\000\040\000S\000i\000e\000v\000e}{section.4.1}% 58
\BOOKMARK [1][-]{section.4.2}{\376\377\000D\000i\000v\000i\000s\000o\000r}{chapter.4}% 59
\BOOKMARK [2][-]{subsection.4.2.1}{\376\377\000F\000i\000n\000d\000\040\000A\000l\000l\000\040\000D\000i\000v\000i\000s\000o\000r\000s}{section.4.2}% 60
\BOOKMARK [2][-]{subsection.4.2.2}{\376\377\000T\000h\000e\000\040\000N\000u\000m\000b\000e\000r\000\040\000o\000f\000\040\000D\000i\000v\000i\000s\000o\000r\000s}{section.4.2}% 61
\BOOKMARK [2][-]{subsection.4.2.3}{\376\377\000T\000h\000e\000\040\000S\000u\000m\000\040\000o\000f\000\040\000D\000i\000v\000i\000s\000o\000r\000s}{section.4.2}% 62
\BOOKMARK [2][-]{subsection.4.2.4}{\376\377\000E\000u\000c\000l\000i\000d\000e\000a\000n\000\040\000A\000l\000g\000o\000r\000i\000t\000h\000m}{section.4.2}% 63
\BOOKMARK [1][-]{section.4.3}{\376\377\000E\000u\000l\000e\000r\000\040\000F\000u\000n\000c\000t\000i\000o\000n}{chapter.4}% 64
\BOOKMARK [2][-]{subsection.4.3.1}{\376\377\000S\000i\000m\000p\000l\000e\000\040\000M\000e\000t\000h\000o\000d}{section.4.3}% 65
\BOOKMARK [2][-]{subsection.4.3.2}{\376\377\000E\000u\000l\000e\000r\000'\000s\000\040\000S\000i\000e\000v\000e\000\040\000M\000e\000t\000h\000o\000d}{section.4.3}% 66
\BOOKMARK [1][-]{section.4.4}{\376\377\000E\000x\000p\000o\000n\000e\000n\000t\000i\000a\000t\000i\000n\000g\000\040\000b\000y\000\040\000S\000q\000u\000a\000r\000i\000n\000g}{chapter.4}% 67
\BOOKMARK [1][-]{section.4.5}{\376\377\000E\000x\000t\000e\000n\000d\000e\000d\000\040\000E\000u\000c\000l\000i\000d\000e\000a\000n\000\040\000A\000l\000g\000o\000r\000i\000t\000h\000m}{chapter.4}% 68
\BOOKMARK [1][-]{section.4.6}{\376\377\000C\000h\000i\000n\000e\000s\000e\000\040\000R\000e\000m\000a\000i\000n\000d\000e\000r\000\040\000T\000h\000e\000o\000r\000e\000m}{chapter.4}% 69
\BOOKMARK [1][-]{section.4.7}{\376\377\000G\000a\000u\000s\000s\000-\000J\000o\000r\000d\000a\000n\000\040\000E\000l\000i\000m\000i\000n\000a\000t\000i\000o\000n}{chapter.4}% 70
\BOOKMARK [2][-]{subsection.4.7.1}{\376\377\000L\000i\000n\000e\000a\000r\000\040\000E\000q\000u\000a\000t\000i\000o\000n\000\040\000G\000r\000o\000u\000p}{section.4.7}% 71
\BOOKMARK [2][-]{subsection.4.7.2}{\376\377\000X\000O\000R\000\040\000L\000i\000n\000e\000a\000r\000\040\000E\000q\000u\000a\000t\000i\000o\000n\000\040\000G\000r\000o\000u\000p}{section.4.7}% 72
\BOOKMARK [1][-]{section.4.8}{\376\377\000C\000o\000m\000b\000i\000n\000a\000t\000o\000r\000i\000a\000l\000\040\000C\000o\000u\000n\000t\000i\000n\000g}{chapter.4}% 73
\BOOKMARK [2][-]{subsection.4.8.1}{\376\377\000R\000e\000c\000u\000r\000r\000e\000n\000c\000e\000\040\000R\000e\000l\000a\000t\000i\000o\000n}{section.4.8}% 74
\BOOKMARK [2][-]{subsection.4.8.2}{\376\377\000P\000r\000e\000p\000r\000o\000c\000e\000s\000s\000i\000n\000g\000\040\000\046\000\040\000I\000n\000v\000e\000r\000s\000e\000\040\000E\000l\000e\000m\000e\000n\000t}{section.4.8}% 75
\BOOKMARK [2][-]{subsection.4.8.3}{\376\377\000L\000u\000c\000a\000s\000\040\000T\000h\000e\000o\000r\000e\000m}{section.4.8}% 76
\BOOKMARK [2][-]{subsection.4.8.4}{\376\377\000F\000a\000c\000t\000o\000r\000i\000z\000a\000t\000i\000o\000n\000\040\000M\000e\000t\000h\000o\000d}{section.4.8}% 77
\BOOKMARK [2][-]{subsection.4.8.5}{\376\377\000C\000a\000t\000a\000l\000a\000n\000\040\000N\000u\000m\000b\000e\000r}{section.4.8}% 78
\BOOKMARK [1][-]{section.4.9}{\376\377\000I\000n\000c\000l\000u\000s\000i\000o\000n\000-\000E\000x\000c\000l\000u\000s\000i\000o\000n\000\040\000P\000r\000i\000n\000c\000i\000p\000l\000e}{chapter.4}% 79
\BOOKMARK [1][-]{section.4.10}{\376\377\000G\000a\000m\000e\000\040\000T\000h\000e\000o\000r\000y}{chapter.4}% 80
\BOOKMARK [2][-]{subsection.4.10.1}{\376\377\000N\000I\000M\000\040\000G\000a\000m\000e}{section.4.10}% 81
\BOOKMARK [0][-]{chapter.5}{\376\377\000B\000a\000s\000i\000c\000\040\000D\000P}{}% 82
\BOOKMARK [1][-]{section.5.1}{\376\377\000K\000n\000a\000p\000s\000a\000c\000k\000\040\000P\000r\000o\000b\000l\000e\000m}{chapter.5}% 83
\BOOKMARK [2][-]{subsection.5.1.1}{\376\377\0000\0001\000\040\000K\000n\000a\000p\000s\000a\000c\000k}{section.5.1}% 84
\BOOKMARK [2][-]{subsection.5.1.2}{\376\377\000C\000o\000m\000p\000l\000e\000t\000e\000\040\000K\000n\000a\000p\000s\000a\000c\000k}{section.5.1}% 85
\BOOKMARK [2][-]{subsection.5.1.3}{\376\377\000M\000u\000t\000i\000p\000l\000e\000\040\000K\000n\000a\000p\000s\000a\000c\000k}{section.5.1}% 86
\BOOKMARK [2][-]{subsection.5.1.4}{\376\377\000G\000r\000o\000u\000p\000e\000d\000\040\000K\000n\000a\000p\000s\000a\000c\000k}{section.5.1}% 87
\BOOKMARK [1][-]{section.5.2}{\376\377\000L\000i\000n\000e\000a\000r\000\040\000D\000P}{chapter.5}% 88
\BOOKMARK [2][-]{subsection.5.2.1}{\376\377\000L\000I\000S}{section.5.2}% 89
\BOOKMARK [2][-]{subsection.5.2.2}{\376\377\000L\000C\000S}{section.5.2}% 90
\BOOKMARK [1][-]{section.5.3}{\376\377\000I\000n\000t\000e\000r\000v\000a\000l\000\040\000D\000P}{chapter.5}% 91
\BOOKMARK [1][-]{section.5.4}{\376\377\000C\000o\000u\000n\000t\000i\000n\000g\000\040\000D\000P}{chapter.5}% 92
\BOOKMARK [1][-]{section.5.5}{\376\377\000D\000i\000g\000i\000t\000\040\000D\000P}{chapter.5}% 93
\BOOKMARK [1][-]{section.5.6}{\376\377\000S\000t\000a\000t\000e\000\040\000C\000o\000m\000p\000r\000e\000s\000s\000i\000o\000n\000\040\000D\000P}{chapter.5}% 94
\BOOKMARK [1][-]{section.5.7}{\376\377\000T\000r\000e\000e\000\040\000D\000P}{chapter.5}% 95
\BOOKMARK [1][-]{section.5.8}{\376\377\000M\000e\000m\000o\000i\000z\000e\000d\000\040\000S\000e\000a\000r\000c\000h}{chapter.5}% 96
\BOOKMARK [0][-]{chapter.6}{\376\377\000A\000d\000v\000a\000n\000c\000e\000d\000\040\000B\000a\000s\000i\000c}{}% 97
\BOOKMARK [1][-]{section.6.1}{\376\377\000S\000l\000o\000w\000\040\000M\000u\000l\000t\000i\000p\000l\000i\000c\000a\000t\000i\000o\000n}{chapter.6}% 98
\BOOKMARK [1][-]{section.6.2}{\376\377\000S\000u\000m\000\040\000o\000f\000\040\000G\000e\000o\000m\000e\000t\000r\000i\000c\000\040\000S\000e\000r\000i\000e\000s}{chapter.6}% 99
\BOOKMARK [1][-]{section.6.3}{\376\377\000S\000o\000r\000t}{chapter.6}% 100
\BOOKMARK [2][-]{subsection.6.3.1}{\376\377\000C\000a\000r\000d\000\040\000B\000a\000l\000a\000n\000c\000i\000n\000g\000\040\000P\000r\000o\000b\000l\000e\000m}{section.6.3}% 101
\BOOKMARK [2][-]{subsection.6.3.2}{\376\377\0002\000D\000\040\000C\000a\000r\000d\000\040\000B\000a\000l\000a\000n\000c\000i\000n\000g\000\040\000P\000r\000o\000b\000l\000e\000m}{section.6.3}% 102
\BOOKMARK [2][-]{subsection.6.3.3}{\376\377\000D\000u\000a\000l\000\040\000H\000e\000a\000p\000s}{section.6.3}% 103
\BOOKMARK [1][-]{section.6.4}{\376\377\000R\000M\000Q}{chapter.6}% 104
\BOOKMARK [0][-]{chapter.7}{\376\377\000A\000d\000v\000a\000n\000c\000e\000d\000\040\000D\000a\000t\000a\000\040\000S\000t\000r\000u\000c\000t\000u\000r\000e\000s}{}% 105
\BOOKMARK [1][-]{section.7.1}{\376\377\000B\000i\000n\000a\000r\000y\000\040\000I\000n\000d\000e\000x\000e\000d\000\040\000T\000r\000e\000e}{chapter.7}% 106
\BOOKMARK [1][-]{section.7.2}{\376\377\000S\000e\000g\000m\000e\000n\000t\000\040\000T\000r\000e\000e}{chapter.7}% 107
\BOOKMARK [2][-]{subsection.7.2.1}{\376\377\000M\000a\000i\000n\000t\000a\000i\000n\000\040\000t\000h\000e\000\040\000M\000a\000x\000i\000m\000u\000m}{section.7.2}% 108
\BOOKMARK [2][-]{subsection.7.2.2}{\376\377\000M\000a\000i\000n\000t\000a\000i\000n\000\040\000t\000h\000e\000\040\000M\000a\000x\000i\000m\000u\000m\000\040\000S\000u\000b\000a\000r\000r\000a\000y\000\040\000S\000u\000m}{section.7.2}% 109
\BOOKMARK [2][-]{subsection.7.2.3}{\376\377\000M\000a\000i\000n\000t\000a\000i\000n\000\040\000t\000h\000e\000\040\000G\000C\000D}{section.7.2}% 110
\BOOKMARK [2][-]{subsection.7.2.4}{\376\377\000O\000p\000t\000i\000m\000i\000z\000e\000\040\000R\000a\000n\000g\000e\000\040\000U\000p\000d\000a\000t\000e\000s}{section.7.2}% 111
\BOOKMARK [1][-]{section.7.3}{\376\377\000P\000e\000r\000s\000i\000s\000t\000e\000n\000t\000\040\000D\000a\000t\000a\000\040\000S\000t\000r\000u\000c\000t\000u\000r\000e}{chapter.7}% 112
\BOOKMARK [2][-]{subsection.7.3.1}{\376\377\000P\000e\000r\000s\000i\000s\000t\000e\000n\000t\000\040\000T\000r\000i\000e}{section.7.3}% 113
\BOOKMARK [2][-]{subsection.7.3.2}{\376\377\000P\000e\000r\000s\000i\000s\000t\000e\000n\000t\000\040\000S\000e\000g\000m\000e\000n\000t\000\040\000T\000r\000e\000e}{section.7.3}% 114
\BOOKMARK [1][-]{section.7.4}{\376\377\000T\000r\000e\000a\000p}{chapter.7}% 115
\BOOKMARK [1][-]{section.7.5}{\376\377\000A\000C\000\040\000A\000u\000t\000o\000m\000a\000t\000o\000n}{chapter.7}% 116
\BOOKMARK [0][-]{chapter.8}{\376\377\000A\000d\000v\000a\000n\000c\000e\000d\000\040\000S\000e\000a\000r\000c\000h}{}% 117
\BOOKMARK [1][-]{section.8.1}{\376\377\000F\000l\000o\000o\000d\000-\000F\000i\000l\000l}{chapter.8}% 118
\BOOKMARK [1][-]{section.8.2}{\376\377\000M\000u\000l\000t\000i\000-\000s\000o\000u\000r\000c\000e\000\040\000B\000F\000S}{chapter.8}% 119
\BOOKMARK [1][-]{section.8.3}{\376\377\000B\000F\000S\000\040\000w\000i\000t\000h\000\040\000D\000e\000q\000u\000e}{chapter.8}% 120
\BOOKMARK [1][-]{section.8.4}{\376\377\000B\000i\000d\000i\000r\000e\000c\000t\000i\000o\000n\000a\000l\000\040\000B\000F\000S}{chapter.8}% 121
\BOOKMARK [1][-]{section.8.5}{\376\377\000A\000*}{chapter.8}% 122
\BOOKMARK [1][-]{section.8.6}{\376\377\000D\000F\000S\000\040\000C\000o\000n\000n\000e\000c\000t\000i\000v\000i\000t\000y\000\040\000M\000o\000d\000e\000l}{chapter.8}% 123
\BOOKMARK [1][-]{section.8.7}{\376\377\000I\000t\000e\000r\000a\000t\000i\000v\000e\000\040\000D\000e\000e\000p\000e\000n\000i\000n\000g}{chapter.8}% 124
\BOOKMARK [1][-]{section.8.8}{\376\377\000B\000i\000d\000i\000r\000e\000c\000t\000i\000o\000n\000a\000l\000\040\000D\000F\000S}{chapter.8}% 125
\BOOKMARK [1][-]{section.8.9}{\376\377\000I\000D\000A\000*}{chapter.8}% 126
\BOOKMARK [0][-]{chapter.9}{\376\377\000A\000d\000v\000a\000n\000c\000e\000d\000\040\000G\000r\000a\000p\000h\000\040\000T\000h\000e\000o\000r\000y}{}% 127
\BOOKMARK [1][-]{section.9.1}{\376\377\000D\000e\000t\000e\000c\000t\000i\000n\000g\000\040\000N\000e\000g\000a\000t\000i\000v\000e\000\040\000C\000y\000c\000l\000e\000s}{chapter.9}% 128
\BOOKMARK [1][-]{section.9.2}{\376\377\000S\000P\000F\000A\000-\000S\000L\000F}{chapter.9}% 129
\BOOKMARK [1][-]{section.9.3}{\376\377\000S\000P\000F\000A\000-\000S\000t\000a\000c\000k}{chapter.9}% 130
\BOOKMARK [1][-]{section.9.4}{\376\377\000S\000P\000F\000A\000\040\000\046\000\040\000M\000I\000N\000\040\000\046\000\040\000M\000A\000X}{chapter.9}% 131
\BOOKMARK [1][-]{section.9.5}{\376\377\000S\000e\000c\000o\000n\000d\000\040\000S\000h\000o\000r\000t\000e\000s\000t\000\040\000P\000a\000t\000h}{chapter.9}% 132
\BOOKMARK [1][-]{section.9.6}{\376\377\000S\000e\000c\000o\000n\000d\000\040\000M\000i\000n\000i\000m\000u\000m\000\040\000S\000p\000a\000n\000n\000i\000n\000g\000\040\000T\000r\000e\000e}{chapter.9}% 133
\BOOKMARK [2][-]{subsection.9.6.1}{\376\377\000b\000r\000u\000t\000e\000-\000f\000o\000r\000c\000e}{section.9.6}% 134
\BOOKMARK [2][-]{subsection.9.6.2}{\376\377\000L\000C\000A}{section.9.6}% 135
\BOOKMARK [1][-]{section.9.7}{\376\377\000D\000i\000f\000f\000e\000r\000e\000n\000c\000e\000\040\000C\000o\000n\000s\000t\000r\000a\000i\000n\000t\000s}{chapter.9}% 136
\BOOKMARK [2][-]{subsection.9.7.1}{\376\377\000M\000a\000x\000i\000m\000u\000m\000-\000S\000h\000o\000r\000t\000e\000s\000t\000\040\000P\000a\000t\000h}{section.9.7}% 137
\BOOKMARK [2][-]{subsection.9.7.2}{\376\377\000M\000i\000n\000i\000m\000u\000m\000-\000L\000o\000n\000g\000e\000s\000t\000\040\000P\000a\000t\000h}{section.9.7}% 138
\BOOKMARK [1][-]{section.9.8}{\376\377\000L\000C\000A}{chapter.9}% 139
\BOOKMARK [1][-]{section.9.9}{\376\377\000S\000C\000C}{chapter.9}% 140
\BOOKMARK [1][-]{section.9.10}{\376\377\000D\000C\000C}{chapter.9}% 141
\BOOKMARK [2][-]{subsection.9.10.1}{\376\377\000e\000-\000D\000C\000C}{section.9.10}% 142
\BOOKMARK [2][-]{subsection.9.10.2}{\376\377\000v\000-\000D\000C\000C}{section.9.10}% 143
\BOOKMARK [1][-]{section.9.11}{\376\377\000B\000i\000p\000a\000r\000t\000i\000t\000e\000\040\000G\000r\000a\000p\000h}{chapter.9}% 144
\BOOKMARK [2][-]{subsection.9.11.1}{\376\377\000m\000a\000x\000i\000m\000u\000m\000\040\000m\000a\000t\000c\000h\000i\000n\000g}{section.9.11}% 145
\BOOKMARK [2][-]{subsection.9.11.2}{\376\377\000m\000i\000n\000i\000m\000u\000m\000\040\000v\000e\000r\000t\000e\000x\000\040\000c\000o\000v\000e\000r}{section.9.11}% 146
\BOOKMARK [2][-]{subsection.9.11.3}{\376\377\000m\000a\000x\000i\000m\000u\000m\000\040\000i\000n\000d\000e\000p\000e\000n\000d\000e\000n\000t\000\040\000s\000e\000t}{section.9.11}% 147
\BOOKMARK [2][-]{subsection.9.11.4}{\376\377\000m\000i\000n\000i\000m\000u\000m\000\040\000p\000a\000t\000h\000\040\000c\000o\000v\000e\000r}{section.9.11}% 148
\BOOKMARK [1][-]{section.9.12}{\376\377\000E\000u\000l\000e\000r\000i\000a\000n\000\040\000C\000i\000r\000c\000u\000i\000t\000\040\000\046\000\040\000E\000u\000l\000e\000r\000i\000a\000n\000\040\000P\000a\000t\000h}{chapter.9}% 149
\BOOKMARK [2][-]{subsection.9.12.1}{\376\377\000E\000u\000l\000e\000r\000i\000a\000n\000\040\000C\000i\000r\000c\000u\000i\000t}{section.9.12}% 150
\BOOKMARK [2][-]{subsection.9.12.2}{\376\377\000E\000u\000l\000e\000r\000i\000a\000n\000\040\000P\000a\000t\000h}{section.9.12}% 151
\BOOKMARK [0][-]{chapter.10}{\376\377\000A\000d\000v\000a\000n\000c\000e\000d\000\040\000M\000a\000t\000h}{}% 152
\BOOKMARK [1][-]{section.10.1}{\376\377\000E\000u\000l\000e\000r\000'\000s\000\040\000T\000o\000t\000i\000e\000n\000t\000\040\000F\000u\000n\000c\000t\000i\000o\000n}{chapter.10}% 153
\BOOKMARK [2][-]{subsection.10.1.1}{\376\377\000G\000C\000D}{section.10.1}% 154
\BOOKMARK [1][-]{section.10.2}{\376\377\000M\000a\000t\000r\000i\000x\000\040\000M\000u\000l\000t\000i\000p\000l\000i\000c\000a\000t\000i\000o\000n}{chapter.10}% 155
\BOOKMARK [0][-]{chapter.11}{\376\377\000A\000d\000v\000a\000n\000c\000e\000d\000\040\000D\000P}{}% 156
\BOOKMARK [1][-]{section.11.1}{\376\377\000A\000d\000v\000a\000n\000c\000e\000d\000\040\000L\000I\000S}{chapter.11}% 157
\BOOKMARK [2][-]{subsection.11.1.1}{\376\377\000M\000S\000I\000S}{section.11.1}% 158
\BOOKMARK [2][-]{subsection.11.1.2}{\376\377\000L\000C\000I\000S}{section.11.1}% 159
\BOOKMARK [1][-]{section.11.2}{\376\377\000K\000n\000a\000p\000s\000a\000c\000k\000\040\000P\000r\000o\000b\000l\000e\000m}{chapter.11}% 160
\BOOKMARK [2][-]{subsection.11.2.1}{\376\377\000M\000u\000l\000t\000i\000p\000l\000e\000\040\000K\000n\000a\000p\000s\000a\000c\000k\000\040\000P\000r\000o\000b\000l\000e\000m}{section.11.2}% 161
\BOOKMARK [2][-]{subsection.11.2.2}{\376\377\000T\000w\000o\000-\000D\000i\000m\000e\000n\000s\000i\000o\000n\000a\000l\000\040\000C\000o\000s\000t\000\040\000K\000n\000a\000p\000s\000a\000c\000k\000\040\000P\000r\000o\000b\000l\000e\000m}{section.11.2}% 162
\BOOKMARK [2][-]{subsection.11.2.3}{\376\377\000F\000i\000n\000d\000i\000n\000g\000\040\000t\000h\000e\000\040\000A\000c\000t\000u\000a\000l\000\040\000S\000o\000l\000u\000t\000i\000o\000n\000\040\000S\000e\000t}{section.11.2}% 163
\BOOKMARK [2][-]{subsection.11.2.4}{\376\377\000M\000a\000x\000i\000m\000u\000m\000\040\000L\000i\000n\000e\000a\000r\000l\000y\000\040\000I\000n\000d\000e\000p\000e\000n\000d\000e\000n\000t\000\040\000S\000u\000b\000s\000e\000t}{section.11.2}% 164
\BOOKMARK [2][-]{subsection.11.2.5}{\376\377\000M\000i\000x\000e\000d\000\040\000K\000n\000a\000p\000s\000a\000c\000k\000\040\000P\000r\000o\000b\000l\000e\000m}{section.11.2}% 165
\BOOKMARK [2][-]{subsection.11.2.6}{\376\377\000D\000e\000p\000e\000n\000d\000e\000n\000t\000\040\000K\000n\000a\000p\000s\000a\000c\000k\000\040\000P\000r\000o\000b\000l\000e\000m}{section.11.2}% 166
\BOOKMARK [2][-]{subsection.11.2.7}{\376\377\000N\000u\000m\000b\000e\000r\000\040\000o\000f\000\040\000S\000o\000l\000u\000t\000i\000o\000n\000s}{section.11.2}% 167
\BOOKMARK [1][-]{section.11.3}{\376\377\000F\000S\000M}{chapter.11}% 168
\BOOKMARK [1][-]{section.11.4}{\376\377\000D\000i\000g\000i\000t\000\040\000D\000P}{chapter.11}% 169
\BOOKMARK [1][-]{section.11.5}{\376\377\000Q\000u\000e\000u\000e\000\040\000O\000p\000t\000i\000m\000i\000z\000a\000t\000i\000o\000n\000\040\000f\000o\000r\000\040\000D\000P}{chapter.11}% 170
